[2023-08-22 23:31:45,561] {taskinstance.py:1179} INFO - Dependencies all met for <TaskInstance: Nasdaq.obtener_datos_desde_api scheduled__2023-08-21T00:00:00+00:00 [queued]>
[2023-08-22 23:31:45,582] {taskinstance.py:1179} INFO - Dependencies all met for <TaskInstance: Nasdaq.obtener_datos_desde_api scheduled__2023-08-21T00:00:00+00:00 [queued]>
[2023-08-22 23:31:45,582] {taskinstance.py:1376} INFO - 
--------------------------------------------------------------------------------
[2023-08-22 23:31:45,584] {taskinstance.py:1377} INFO - Starting attempt 1 of 6
[2023-08-22 23:31:45,585] {taskinstance.py:1378} INFO - 
--------------------------------------------------------------------------------
[2023-08-22 23:31:45,618] {taskinstance.py:1397} INFO - Executing <Task(PythonOperator): obtener_datos_desde_api> on 2023-08-21 00:00:00+00:00
[2023-08-22 23:31:45,628] {standard_task_runner.py:52} INFO - Started process 209 to run task
[2023-08-22 23:31:45,646] {standard_task_runner.py:79} INFO - Running: ['***', 'tasks', 'run', 'Nasdaq', 'obtener_datos_desde_api', 'scheduled__2023-08-21T00:00:00+00:00', '--job-id', '3', '--raw', '--subdir', 'DAGS_FOLDER/Api_Nasdaq.py', '--cfg-path', '/tmp/tmppnixe1u3', '--error-file', '/tmp/tmp_lm_mu38']
[2023-08-22 23:31:45,654] {standard_task_runner.py:80} INFO - Job 3: Subtask obtener_datos_desde_api
[2023-08-22 23:31:46,276] {task_command.py:371} INFO - Running <TaskInstance: Nasdaq.obtener_datos_desde_api scheduled__2023-08-21T00:00:00+00:00 [running]> on host dec66e93643e
[2023-08-22 23:31:46,685] {taskinstance.py:1591} INFO - Exporting the following env vars:
AIRFLOW_CTX_DAG_OWNER=marianolopez_coderhouse
AIRFLOW_CTX_DAG_ID=Nasdaq
AIRFLOW_CTX_TASK_ID=obtener_datos_desde_api
AIRFLOW_CTX_EXECUTION_DATE=2023-08-21T00:00:00+00:00
AIRFLOW_CTX_TRY_NUMBER=1
AIRFLOW_CTX_DAG_RUN_ID=scheduled__2023-08-21T00:00:00+00:00
[2023-08-22 23:31:51,822] {python.py:173} INFO - Done. Returned value was: temp.csv
[2023-08-22 23:31:51,860] {taskinstance.py:1420} INFO - Marking task as SUCCESS. dag_id=Nasdaq, task_id=obtener_datos_desde_api, execution_date=20230821T000000, start_date=20230822T233145, end_date=20230822T233151
[2023-08-22 23:31:51,919] {local_task_job.py:156} INFO - Task exited with return code 0
[2023-08-22 23:31:51,977] {local_task_job.py:273} INFO - 1 downstream tasks scheduled from follow-on schedule check
